<?xml version="1.0" encoding="UTF-8"?>
<testsuite name="org.hyperskill.secretdiary.Stage3UnitTest" tests="7" skipped="0" failures="1" errors="0" timestamp="2022-09-10T15:22:34" hostname="DESKTOP-453I9PK" time="15.658">
  <properties/>
  <testcase name="testShouldCheckTextView" classname="org.hyperskill.secretdiary.Stage3UnitTest" time="10.602"/>
  <testcase name="testShouldCheckSavingAndUndo" classname="org.hyperskill.secretdiary.Stage3UnitTest" time="3.328">
    <failure message="java.lang.AssertionError: There was no AlertDialog found. Make sure to import android.app.AlertDialog version" type="java.lang.AssertionError">java.lang.AssertionError: There was no AlertDialog found. Make sure to import android.app.AlertDialog version
	at org.junit.Assert.fail(Assert.java:89)
	at org.junit.Assert.assertTrue(Assert.java:42)
	at org.junit.Assert.assertNotNull(Assert.java:713)
	at org.hyperskill.secretdiary.internals.AbstractUnitTest.getLatestAlertDialog(AbstractUnitTest.kt:139)
	at org.hyperskill.secretdiary.Stage3UnitTest.performUndoAndYesClick(Stage3UnitTest.kt:259)
	at org.hyperskill.secretdiary.Stage3UnitTest.access$performUndoAndYesClick(Stage3UnitTest.kt:21)
	at org.hyperskill.secretdiary.Stage3UnitTest$testShouldCheckSavingAndUndo$1.invoke(Stage3UnitTest.kt:164)
	at org.hyperskill.secretdiary.Stage3UnitTest$testShouldCheckSavingAndUndo$1.invoke(Stage3UnitTest.kt:92)
	at org.hyperskill.secretdiary.internals.AbstractUnitTest.testActivity(AbstractUnitTest.kt:72)
	at org.hyperskill.secretdiary.internals.AbstractUnitTest.testActivity$default(AbstractUnitTest.kt:63)
	at org.hyperskill.secretdiary.Stage3UnitTest.testShouldCheckSavingAndUndo(Stage3UnitTest.kt:92)
	at java.base/jdk.internal.reflect.NativeMethodAccessorImpl.invoke0(Native Method)
	at java.base/jdk.internal.reflect.NativeMethodAccessorImpl.invoke(NativeMethodAccessorImpl.java:62)
	at java.base/jdk.internal.reflect.DelegatingMethodAccessorImpl.invoke(DelegatingMethodAccessorImpl.java:43)
	at java.base/java.lang.reflect.Method.invoke(Method.java:566)
	at org.junit.runners.model.FrameworkMethod$1.runReflectiveCall(FrameworkMethod.java:59)
	at org.junit.internal.runners.model.ReflectiveCallable.run(ReflectiveCallable.java:12)
	at org.junit.runners.model.FrameworkMethod.invokeExplosively(FrameworkMethod.java:56)
	at org.junit.internal.runners.statements.InvokeMethod.evaluate(InvokeMethod.java:17)
	at org.junit.runners.ParentRunner$3.evaluate(ParentRunner.java:306)
	at org.robolectric.RobolectricTestRunner$HelperTestRunner$1.evaluate(RobolectricTestRunner.java:591)
	at org.robolectric.internal.SandboxTestRunner$2.lambda$evaluate$0(SandboxTestRunner.java:274)
	at org.robolectric.internal.bytecode.Sandbox.lambda$runOnMainThread$0(Sandbox.java:88)
	at java.base/java.util.concurrent.FutureTask.run(FutureTask.java:264)
	at java.base/java.util.concurrent.ThreadPoolExecutor.runWorker(ThreadPoolExecutor.java:1128)
	at java.base/java.util.concurrent.ThreadPoolExecutor$Worker.run(ThreadPoolExecutor.java:628)
	at java.base/java.lang.Thread.run(Thread.java:829)
</failure>
  </testcase>
  <testcase name="testShouldCheckUndoBlank" classname="org.hyperskill.secretdiary.Stage3UnitTest" time="0.598"/>
  <testcase name="testShouldCheckSavingBlank" classname="org.hyperskill.secretdiary.Stage3UnitTest" time="0.583"/>
  <testcase name="testShouldCheckButtonSave" classname="org.hyperskill.secretdiary.Stage3UnitTest" time="0.211"/>
  <testcase name="testShouldCheckButtonUndo" classname="org.hyperskill.secretdiary.Stage3UnitTest" time="0.156"/>
  <testcase name="testShouldCheckEditText" classname="org.hyperskill.secretdiary.Stage3UnitTest" time="0.177"/>
  <system-out><![CDATA[Called loadFromPath(/system/framework/framework-res.apk, true); mode=binary sdk=29
resources.arsc in APK 'C:\Users\Dagim\.m2\repository\org\robolectric\android-all-instrumented\10-robolectric-5803371-i3\android-all-instrumented-10-robolectric-5803371-i3.jar' is compressed.
]]></system-out>
  <system-err><![CDATA[]]></system-err>
</testsuite>
